Thu 15:04: ########################################## 
Thu 15:04: Compiling.
Thu 15:04: ########################################## 

Thu 15:04: MaxCompiler version: 2014.1.
Thu 15:04: Build SimulationFFT1 run rule for devBGV_PM_CRT_1056__ start time: Thu Nov 03 15:04:30 CET 2016.
Thu 15:04: Project location: /home/fpga1/workspace_polMul/devBGV_PM_CRT_1056__.
Thu 15:04: Detailed build log: /home/fpga1/workspace_polMul/devBGV_PM_CRT_1056__/RunRules/SimulationFFT1/build.log.

Thu 15:04: Compiling Engine Code.
Thu 15:04: Engine building skipped (no changes on .max files).
Thu 15:04: Compiling CPU Code.
Thu 15:04: Run CPU project make files updating
Thu 15:04: Executing command:
Thu 15:04: java -jar /opt/maxeler/maxcompiler-2014.1/lib/MaxIDE/projectAdmin.jar -u /home/fpga1/workspace_polMul/devBGV_PM_CRT_1056__ SimulationFFT1 
Thu 15:04: Command output:

Thu 15:04: MaxCompiler Project Admin Tool Version 2014.1.00012
Thu 15:04:  Copyright Maxeler Technologies 2010 - 2014. All rights reserved.
Thu 15:04: Handler version 2
Thu 15:04: Updating RunRule dependent Makefiles for RunRule 'SimulationFFT1'
Thu 15:04: 	Updating: SimulationFFT1

Thu 15:04: Found makefiles: 1
Thu 15:04: 	Updated: SimulationFFT1
Thu 15:04: Run CPU make.
Thu 15:04: make RUNRULE=SimulationFFT1 
Thu 15:04: Command output:
Thu 15:04: make -f Makefile.rules build
Thu 15:04: make[1]: Entering directory `/home/fpga1/workspace_polMul/devBGV_PM_CRT_1056__/CPUCode'
Thu 15:04: set -e; rm -f ../RunRules/SimulationFFT1/objects/c/context.d ;                                                             \
Thu 15:04: 	  cc -M -std=gnu99 -g -O3 -Wall -Wextra -I../RunRules/SimulationFFT1/include  -I '/opt/maxeler/maxcompiler-2014.1/include/slic'  -Wno-error context.c > ../RunRules/SimulationFFT1/objects/c/context.d.$$ ;                                 \
Thu 15:04:       sed 's,\(context\)\.o[ :]*,../RunRules/SimulationFFT1/objects/c/\1.o ../RunRules/SimulationFFT1/objects/c/context.d : ,g' < ../RunRules/SimulationFFT1/objects/c/context.d.$$ > ../RunRules/SimulationFFT1/objects/c/context.d; \
Thu 15:04:       rm -f ../RunRules/SimulationFFT1/objects/c/context.d.$$
Thu 15:04: make[1]: Leaving directory `/home/fpga1/workspace_polMul/devBGV_PM_CRT_1056__/CPUCode'
Thu 15:04: make[1]: Entering directory `/home/fpga1/workspace_polMul/devBGV_PM_CRT_1056__/CPUCode'
Thu 15:04: cc -std=gnu99 -g -O3 -Wall -Wextra -I../RunRules/SimulationFFT1/include  -I '/opt/maxeler/maxcompiler-2014.1/include/slic'  -c context.c -o ../RunRules/SimulationFFT1/objects/c/context.o
Thu 15:04: context.c:219: warning: 'typedef' is not at beginning of declaration
Thu 15:04: context.c:229: warning: 'typedef' is not at beginning of declaration
Thu 15:04: context.c:239: warning: 'typedef' is not at beginning of declaration
Thu 15:04: context.c:249: warning: 'typedef' is not at beginning of declaration
Thu 15:04: context.c:259: warning: 'typedef' is not at beginning of declaration
Thu 15:04: context.c: In function 'printData_c_int128':
Thu 15:04: context.c:344: warning: format '%llx' expects type 'long long unsigned int', but argument 3 has type 'uint64_t'
Thu 15:04: context.c:344: warning: format '%llx' expects type 'long long unsigned int', but argument 4 has type 'int64_t'
Thu 15:04: context.c: In function 'multiply_FPGA':
Thu 15:04: context.c:413: warning: unused variable 'j'
Thu 15:04: context.c:353: warning: unused parameter 'index'
Thu 15:04: context.c: In function 'CRTmultiply':
Thu 15:04: context.c:852: warning: format '%lld' expects type 'long long int', but argument 2 has type 'long int'
Thu 15:04: context.c:887: warning: format '%lld' expects type 'long long int', but argument 2 has type 'long int'
Thu 15:04: context.c: In function 'multiply_FPGA':
Thu 15:04: context.c:658: warning: 'myDFE' is used uninitialized in this function
Thu 15:04: cc -std=gnu99 -g -O3 -Wall -Wextra -I../RunRules/SimulationFFT1/include  -I '/opt/maxeler/maxcompiler-2014.1/include/slic'  -o ../RunRules/SimulationFFT1/binaries/Poly_Mul_FFT ../RunRules/SimulationFFT1/objects/maxfiles/slic_Poly_Mul_FFT0.o ../RunRules/SimulationFFT1/objects/c/bgv.o ../RunRules/SimulationFFT1/objects/c/bijection_CRT_Q.o ../RunRules/SimulationFFT1/objects/c/context.o ../RunRules/SimulationFFT1/objects/c/extended_euclidean_algorithm.o ../RunRules/SimulationFFT1/objects/c/gmp_extra_functions.o -g -O3  -L '/opt/maxeler/maxcompiler-2014.1/lib' -lslic -L '/opt/maxeler/maxeleros/lib' -lmaxeleros -lpthread -lm -lrt  -lstdc++ -lgmp libherandom.a -lntl
Thu 15:04: make[1]: Leaving directory `/home/fpga1/workspace_polMul/devBGV_PM_CRT_1056__/CPUCode'
Thu 15:04: Build completed: Thu Nov 03 15:04:37 CET 2016


Thu 15:04: ########################################## 
Thu 15:04: Running
Thu 15:04: ########################################## 
Thu 15:04: Executing command:
Thu 15:04: '/home/fpga1/workspace_polMul/devBGV_PM_CRT_1056__/RunRules/SimulationFFT1/binaries/Poly_Mul_FFT' 
Thu 15:04: Command output:
Thu 15:04: TIME Q2CRT:54657
Thu 15:04: Process terminated with exit code -1.
Thu 15:04: Segmentation fault